<?xml version="1.0" encoding="UTF-8"?>
<!-- Generated by org.testng.reporters.JUnitReportReporter -->
<testsuite hostname="HP-VICTUS-144Hz" failures="0" tests="1" name="day43.AssertionClassDemo" time="0.005" errors="0" timestamp="2025-10-02T23:01:11 IST" skipped="0">
  <testcase classname="day43.AssertionClassDemo" name="testTitle" time="0.005"/>
</testsuite> <!-- day43.AssertionClassDemo -->
