<?xml version="1.0" encoding="UTF-8"?>
<!-- Generated by org.testng.reporters.JUnitReportReporter -->
<testsuite hostname="HP-VICTUS-144Hz" failures="0" tests="2" name="day44.PaymentTest" time="0.006" errors="0" timestamp="2025-10-03T14:30:48 IST" skipped="0">
  <testcase classname="day44.PaymentTest" name="paymentByrs" time="0.005"/>
  <testcase classname="day44.PaymentTest" name="paymentByCard" time="0.001"/>
</testsuite> <!-- day44.PaymentTest -->
