<?xml version="1.0" encoding="UTF-8"?>
<!-- Generated by org.testng.reporters.JUnitReportReporter -->
<testsuite hostname="HP-VICTUS-144Hz" failures="0" tests="3" name="day44.SignUpTest" time="0.005" errors="0" timestamp="2025-10-03T13:32:16 IST" skipped="0">
  <testcase classname="day44.SignUpTest" name="signUpByEmail" time="0.005"/>
  <testcase classname="day44.SignUpTest" name="signUpFaceBook" time="0.000"/>
  <testcase classname="day44.SignUpTest" name="signUpTwitter" time="0.000"/>
</testsuite> <!-- day44.SignUpTest -->
