<?xml version="1.0" encoding="UTF-8"?>
<!-- Generated by org.testng.reporters.JUnitReportReporter -->
<testsuite hostname="HP-VICTUS-144Hz" failures="0" tests="1" name="day45.DataProvider" time="4.276" errors="0" timestamp="2025-10-03T14:16:04 IST" skipped="0">
  <testcase classname="day45.DataProvider" name="testLogin" time="4.276"/>
</testsuite> <!-- day45.DataProvider -->
