<?xml version="1.0" encoding="UTF-8"?>
<!-- Generated by org.testng.reporters.JUnitReportReporter -->
<testsuite hostname="HP-VICTUS-144Hz" failures="0" tests="3" name="day44.LoginTest" time="0.005" errors="0" timestamp="2025-10-03T13:31:28 IST" skipped="0">
  <testcase classname="day44.LoginTest" name="loginByEmail" time="0.005"/>
  <testcase classname="day44.LoginTest" name="loginByFaceBook" time="0.000"/>
  <testcase classname="day44.LoginTest" name="loginByTwitter" time="0.000"/>
</testsuite> <!-- day44.LoginTest -->
