<?xml version="1.0" encoding="UTF-8"?>
<!-- Generated by org.testng.reporters.JUnitReportReporter -->
<testsuite hostname="HP-VICTUS-144Hz" failures="0" tests="9" name="day45.ParamTesting" time="0.476" errors="0" timestamp="2025-10-03T16:19:42 IST" skipped="0">
  <testcase classname="day45.ParamTesting" name="testLogo" time="0.223"/>
  <testcase classname="day45.ParamTesting" name="testLogo" time="0.040"/>
  <testcase classname="day45.ParamTesting" name="testLogo" time="0.053"/>
  <testcase classname="day45.ParamTesting" name="testTitle" time="0.006"/>
  <testcase classname="day45.ParamTesting" name="testTitle" time="0.049"/>
  <testcase classname="day45.ParamTesting" name="testTitle" time="0.013"/>
  <testcase classname="day45.ParamTesting" name="testUrl" time="0.009"/>
  <testcase classname="day45.ParamTesting" name="testUrl" time="0.005"/>
  <testcase classname="day45.ParamTesting" name="testUrl" time="0.078"/>
</testsuite> <!-- day45.ParamTesting -->
